<?xml version="1.0" encoding="UTF-8"?>
<!-- Generated by org.testng.reporters.JUnitXMLReporter -->
<testsuite hostname="DESKTOP-6QKPK6B" ignored="0" name="FreeCRMTest" tests="6" failures="0" timestamp="2021-02-23T18:47:56 IST" time="81.508" errors="0">
  <testcase name="loginPageTitleTest" time="0.069" classname="com.crm.qa.testcases.LoginPageTest"/>
  <testcase name="loginTest" time="1.123" classname="com.crm.qa.testcases.LoginPageTest"/>
  <testcase name="contactsLinkTest" time="2.018" classname="com.crm.qa.testcases.HomePageTest"/>
  <testcase name="verifyHomePageTitleTest" time="0.023" classname="com.crm.qa.testcases.HomePageTest"/>
  <testcase name="verifyUserNameLabelTest" time="1.37" classname="com.crm.qa.testcases.HomePageTest"/>
  <testcase name="newContactButtonTest" time="3.185" classname="com.crm.qa.testcases.ContactsPageTest"/>
</testsuite> <!-- FreeCRMTest -->
