<?xml version="1.0" encoding="UTF-8"?>
<!-- Generated by org.testng.reporters.JUnitXMLReporter -->
<testsuite hostname="DESKTOP-6QKPK6B" ignored="0" name="Command line test" tests="7" failures="0" timestamp="2021-02-23T20:36:26 IST" time="102.035" errors="0">
  <testcase name="newContactButtonTest" time="3.761" classname="com.crm.qa.testcases.ContactsPageTest"/>
  <testcase name="contactsLinkTest" time="2.464" classname="com.crm.qa.testcases.HomePageTest"/>
  <testcase name="verifyHomePageTitleTest" time="0.056" classname="com.crm.qa.testcases.HomePageTest"/>
  <testcase name="verifyUserNameLabelTest" time="1.224" classname="com.crm.qa.testcases.HomePageTest"/>
  <testcase name="loginPageTitleTest" time="0.025" classname="com.crm.qa.testcases.LoginPageTest"/>
  <testcase name="loginTest" time="1.651" classname="com.crm.qa.testcases.LoginPageTest"/>
  <testcase name="createContactTest" time="0.0" classname="com.crm.qa.testcases.NewContactPageTest">
    <skipped/>
  </testcase> <!-- createContactTest -->
</testsuite> <!-- Command line test -->
